This is XeTeX, Version 3.14159265-2.6-0.99999 (TeX Live 2018) (preloaded format=xelatex 2019.3.23)  3 MAY 2020 19:40
entering extended mode
 restricted \write18 enabled.
 file:line:error style messages enabled.
 %&-line parsing enabled.
**"/Users/cengshaoxun/Library/Mobile Documents/com~apple~CloudDocs/nju/需求工程/requirement_homework/商业模式评估/CodeOcean商业模式评估"

! Emergency stop.
<to be read again> 
                   \protect 
<*> ...s/cengshaoxun/Library/Mobile Documents/com~
                                                  apple~CloudDocs/nju/需求工程/r...
*** (job aborted, file error in nonstop mode)

 
Here is how much of TeX's memory you used:
 3 strings out of 492970
 57 string characters out of 6133938
 63642 words of memory out of 5000000
 4112 multiletter control sequences out of 15000+600000
 3640 words of font info for 14 fonts, out of 8000000 for 9000
 1348 hyphenation exceptions out of 8191
 3i,0n,0p,1b,6s stack positions out of 5000i,500n,10000p,200000b,80000s
No pages of output.
